14:19:14 **** Incremental Build of configuration Debug for project LCD_TEST ****
make -j7 all 
arm-none-eabi-gcc -o "LCD_TEST.elf" @"objects.list"   -mcpu=cortex-m4 -T"/Users/zawad/Documents/EECS373/project/LCD_TEST/STM32L4R5ZITXP_FLASH.ld" --specs=nosys.specs -Wl,-Map="LCD_TEST.map" -Wl,--gc-sections -static --specs=nano.specs -mfpu=fpv4-sp-d16 -mfloat-abi=hard -mthumb -Wl,--start-group -lc -lm -Wl,--end-group
/Applications/STM32CubeIDE.app/Contents/Eclipse/plugins/com.st.stm32cube.ide.mcu.externaltools.gnu-tools-for-stm32.12.3.rel1.macos64_1.0.100.202403111906/tools/bin/../lib/gcc/arm-none-eabi/12.3.1/../../../../arm-none-eabi/bin/ld: warning: LCD_TEST.elf has a LOAD segment with RWX permissions
/Applications/STM32CubeIDE.app/Contents/Eclipse/plugins/com.st.stm32cube.ide.mcu.externaltools.gnu-tools-for-stm32.12.3.rel1.macos64_1.0.100.202403111906/tools/bin/../lib/gcc/arm-none-eabi/12.3.1/../../../../arm-none-eabi/bin/ld: ./Core/Src/main.o: in function `main':
/Users/zawad/Documents/EECS373/project/LCD_TEST/Debug/../Core/Src/main.c:187: undefined reference to `getX'
/Applications/STM32CubeIDE.app/Contents/Eclipse/plugins/com.st.stm32cube.ide.mcu.externaltools.gnu-tools-for-stm32.12.3.rel1.macos64_1.0.100.202403111906/tools/bin/../lib/gcc/arm-none-eabi/12.3.1/../../../../arm-none-eabi/bin/ld: /Users/zawad/Documents/EECS373/project/LCD_TEST/Debug/../Core/Src/main.c:188: undefined reference to `getY'
collect2: error: ld returned 1 exit status
make: *** [makefile:64: LCD_TEST.elf] Error 1
"make -j7 all" terminated with exit code 2. Build might be incomplete.

14:19:14 Build Failed. 3 errors, 1 warnings. (took 309ms)

